<?xml version="1.0" encoding="UTF-8"?>
<coverage generated="1732488879024" clover="3.2.0">
  <project timestamp="1732488879025" name="All files">
    <metrics statements="11" coveredstatements="11" conditionals="0" coveredconditionals="0" methods="7" coveredmethods="7" elements="18" coveredelements="18" complexity="0" loc="11" ncloc="11" packages="1" files="4" classes="4"/>
    <file name="calculator.ts" path="/Users/temioduyemi/repos/testing-practice/src/calculator.ts">
      <metrics statements="5" coveredstatements="5" conditionals="0" coveredconditionals="0" methods="4" coveredmethods="4"/>
      <line num="1" count="1" type="stmt"/>
      <line num="3" count="1" type="stmt"/>
      <line num="7" count="1" type="stmt"/>
      <line num="11" count="1" type="stmt"/>
      <line num="15" count="1" type="stmt"/>
    </file>
    <file name="capitalize.ts" path="/Users/temioduyemi/repos/testing-practice/src/capitalize.ts">
      <metrics statements="2" coveredstatements="2" conditionals="0" coveredconditionals="0" methods="1" coveredmethods="1"/>
      <line num="1" count="1" type="stmt"/>
      <line num="2" count="1" type="stmt"/>
    </file>
    <file name="reverseString.ts" path="/Users/temioduyemi/repos/testing-practice/src/reverseString.ts">
      <metrics statements="2" coveredstatements="2" conditionals="0" coveredconditionals="0" methods="1" coveredmethods="1"/>
      <line num="1" count="1" type="stmt"/>
      <line num="2" count="1" type="stmt"/>
    </file>
    <file name="sum.ts" path="/Users/temioduyemi/repos/testing-practice/src/sum.ts">
      <metrics statements="2" coveredstatements="2" conditionals="0" coveredconditionals="0" methods="1" coveredmethods="1"/>
      <line num="1" count="1" type="stmt"/>
      <line num="2" count="1" type="stmt"/>
    </file>
  </project>
</coverage>
