{"/Users/temioduyemi/repos/testing-practice/src/calculator.ts": {"path":"/Users/temioduyemi/repos/testing-practice/src/calculator.ts","statementMap":{"0":{"start":{"line":1,"column":13},"end":{"line":17,"column":2}},"1":{"start":{"line":3,"column":4},"end":{"line":3,"column":17}},"2":{"start":{"line":7,"column":4},"end":{"line":7,"column":17}},"3":{"start":{"line":11,"column":4},"end":{"line":11,"column":17}},"4":{"start":{"line":15,"column":4},"end":{"line":15,"column":17}}},"fnMap":{"0":{"name":"(anonymous_0)","decl":{"start":{"line":2,"column":2},"end":{"line":2,"column":5}},"loc":{"start":{"line":2,"column":26},"end":{"line":4,"column":3}}},"1":{"name":"(anonymous_1)","decl":{"start":{"line":6,"column":2},"end":{"line":6,"column":10}},"loc":{"start":{"line":6,"column":31},"end":{"line":8,"column":3}}},"2":{"name":"(anonymous_2)","decl":{"start":{"line":10,"column":2},"end":{"line":10,"column":10}},"loc":{"start":{"line":10,"column":31},"end":{"line":12,"column":3}}},"3":{"name":"(anonymous_3)","decl":{"start":{"line":14,"column":2},"end":{"line":14,"column":8}},"loc":{"start":{"line":14,"column":29},"end":{"line":16,"column":3}}}},"branchMap":{},"s":{"0":1,"1":1,"2":1,"3":1,"4":1},"f":{"0":1,"1":1,"2":1,"3":1},"b":{}}
,"/Users/temioduyemi/repos/testing-practice/src/capitalize.ts": {"path":"/Users/temioduyemi/repos/testing-practice/src/capitalize.ts","statementMap":{"0":{"start":{"line":2,"column":2},"end":{"line":2,"column":65}},"1":{"start":{"line":1,"column":0},"end":{"line":1,"column":16}}},"fnMap":{"0":{"name":"capitalize","decl":{"start":{"line":1,"column":16},"end":{"line":1,"column":26}},"loc":{"start":{"line":1,"column":41},"end":{"line":3,"column":1}}}},"branchMap":{},"s":{"0":1,"1":1},"f":{"0":1},"b":{}}
,"/Users/temioduyemi/repos/testing-practice/src/reverseString.ts": {"path":"/Users/temioduyemi/repos/testing-practice/src/reverseString.ts","statementMap":{"0":{"start":{"line":2,"column":2},"end":{"line":2,"column":45}},"1":{"start":{"line":1,"column":0},"end":{"line":1,"column":16}}},"fnMap":{"0":{"name":"reverseString","decl":{"start":{"line":1,"column":16},"end":{"line":1,"column":29}},"loc":{"start":{"line":1,"column":44},"end":{"line":3,"column":1}}}},"branchMap":{},"s":{"0":1,"1":1},"f":{"0":1},"b":{}}
,"/Users/temioduyemi/repos/testing-practice/src/sum.ts": {"path":"/Users/temioduyemi/repos/testing-practice/src/sum.ts","statementMap":{"0":{"start":{"line":2,"column":2},"end":{"line":2,"column":15}},"1":{"start":{"line":1,"column":0},"end":{"line":1,"column":16}}},"fnMap":{"0":{"name":"sum","decl":{"start":{"line":1,"column":16},"end":{"line":1,"column":19}},"loc":{"start":{"line":1,"column":40},"end":{"line":3,"column":1}}}},"branchMap":{},"s":{"0":1,"1":1},"f":{"0":1},"b":{}}
}
